<?xml version="1.0" encoding="UTF-8" ?>
<testsuite tests="11" failures="0" name="hu.webtown.cart.domain.DomainTest" time="0.02" errors="0" skipped="0">
  <properties>
[...]
</properties>
  <testcase classname="hu.webtown.cart.domain.DomainTest" name="testRubberDuckDiscountPriceForThree" time="0.008"/>
  <testcase classname="hu.webtown.cart.domain.DomainTest" name="testSalamiDiscountPriceForThree" time="0"/>
  <testcase classname="hu.webtown.cart.domain.DomainTest" name="testMultipleDiscountTypeEvaluated" time="0.008"/>
  <testcase classname="hu.webtown.cart.domain.DomainTest" name="testSalamiDiscountPriceForTwo" time="0"/>
  <testcase classname="hu.webtown.cart.domain.DomainTest" name="testChestnutDiscountPriceForEleven" time="0"/>
  <testcase classname="hu.webtown.cart.domain.DomainTest" name="testMegaPackDicountTypeEvaluated" time="0"/>
  <testcase classname="hu.webtown.cart.domain.DomainTest" name="testCucumberDiscountPriceForEleven" time="0"/>
  <testcase classname="hu.webtown.cart.domain.DomainTest" name="testChestnutDiscountPriceForTwelve" time="0"/>
  <testcase classname="hu.webtown.cart.domain.DomainTest" name="testCucumberDiscountPriceForTwelve" time="0"/>
  <testcase classname="hu.webtown.cart.domain.DomainTest" name="testRubberDuckDiscountPriceForTwo" time="0"/>
  <testcase classname="hu.webtown.cart.domain.DomainTest" name="testThreeForTwoDicountTypeEvaluated" time="0.004"/>
</testsuite>